<?xml version="1.0" encoding="UTF-8"?>
<!-- Generated by org.testng.reporters.JUnitReportReporter -->
<testsuite hostname="CHANDAN" failures="0" tests="1" name="Testng.Test1" time="0.015" errors="0" timestamp="2022-04-20T23:57:09 IST" skipped="0">
  <testcase classname="Testng.Test1" name="testcase" time="0.015"/>
  <system-out>
    <![CDATA[hello
hello]]>
  </system-out>
</testsuite> <!-- Testng.Test1 -->
