<?xml version="1.0" encoding="UTF-8"?>
<!-- Generated by org.testng.reporters.JUnitReportReporter -->
<testsuite hostname="CHANDAN" failures="0" tests="18" name="Testng.Test2" time="0.049" errors="0" timestamp="2022-04-21T00:28:49 IST" skipped="1">
  <testcase classname="Testng.Test2" name="chat" time="0.019"/>
  <system-out>
    <![CDATA[execute]]>
  </system-out>
  <testcase classname="Testng.Test2" name="video" time="0.002"/>
  <system-out>
    <![CDATA[VIDEO]]>
  </system-out>
  <testcase classname="Testng.Test2" name="video" time="0.003"/>
  <system-out>
    <![CDATA[VIDEO]]>
  </system-out>
  <testcase classname="Testng.Test2" name="video" time="0.002"/>
  <system-out>
    <![CDATA[VIDEO]]>
  </system-out>
  <testcase classname="Testng.Test2" name="video" time="0.002"/>
  <system-out>
    <![CDATA[VIDEO]]>
  </system-out>
  <testcase classname="Testng.Test2" name="video" time="0.003"/>
  <system-out>
    <![CDATA[VIDEO]]>
  </system-out>
  <testcase classname="Testng.Test2" name="pic" time="0.002"/>
  <system-out>
    <![CDATA[pic]]>
  </system-out>
  <testcase classname="Testng.Test2" name="vid" time="0.002"/>
  <system-out>
    <![CDATA[vid]]>
  </system-out>
  <testcase classname="Testng.Test2" name="vid" time="0.002"/>
  <system-out>
    <![CDATA[vid]]>
  </system-out>
  <testcase classname="Testng.Test2" name="vid" time="0.001"/>
  <system-out>
    <![CDATA[vid]]>
  </system-out>
  <testcase classname="Testng.Test2" name="vid" time="0.001"/>
  <system-out>
    <![CDATA[vid]]>
  </system-out>
  <testcase classname="Testng.Test2" name="vid" time="0.002"/>
  <system-out>
    <![CDATA[vid]]>
  </system-out>
  <testcase classname="Testng.Test2" name="vid" time="0.002"/>
  <system-out>
    <![CDATA[vid]]>
  </system-out>
  <testcase classname="Testng.Test2" name="vid" time="0.002"/>
  <system-out>
    <![CDATA[vid]]>
  </system-out>
  <testcase classname="Testng.Test2" name="vid" time="0.001"/>
  <system-out>
    <![CDATA[vid]]>
  </system-out>
  <testcase classname="Testng.Test2" name="vid" time="0.001"/>
  <system-out>
    <![CDATA[vid]]>
  </system-out>
  <testcase classname="Testng.Test2" name="vid" time="0.002"/>
  <system-out>
    <![CDATA[vid]]>
  </system-out>
  <testcase classname="Testng.Test2" name="photo">
    <skipped/>
  </testcase> <!-- photo -->
  <system-out/>
</testsuite> <!-- Testng.Test2 -->
