<?xml version="1.0" encoding="UTF-8"?>
<!-- Generated by org.testng.reporters.JUnitReportReporter -->
<testsuite hostname="CHANDAN" failures="0" tests="1" name="chapter3.TestngReport" time="0.030" errors="0" timestamp="2022-04-20T17:47:30 IST" skipped="0">
  <testcase classname="chapter3.TestngReport" name="tc1" time="0.030"/>
  <system-out>
    <![CDATA[hello]]>
  </system-out>
</testsuite> <!-- chapter3.TestngReport -->
